[0m13:27:17.360063 [debug] [MainThread]: Sending event: {'category': 'dbt', 'action': 'invocation', 'label': 'start', 'context': [<snowplow_tracker.self_describing_json.SelfDescribingJson object at 0x79a22fb65d30>, <snowplow_tracker.self_describing_json.SelfDescribingJson object at 0x79a230260b30>, <snowplow_tracker.self_describing_json.SelfDescribingJson object at 0x79a2302621b0>]}


============================== 13:27:17.366442 | 44e2aedd-b3dc-41e4-b8f7-65440a774428 ==============================
[0m13:27:17.366442 [info ] [MainThread]: Running with dbt=1.9.0
[0m13:27:17.366845 [debug] [MainThread]: running dbt with arguments {'printer_width': '80', 'indirect_selection': 'eager', 'log_cache_events': 'False', 'write_json': 'True', 'partial_parse': 'True', 'cache_selected_only': 'False', 'warn_error': 'None', 'debug': 'False', 'version_check': 'True', 'log_path': 'logs', 'profiles_dir': '/root/.dbt', 'fail_fast': 'False', 'use_colors': 'True', 'use_experimental_parser': 'False', 'no_print': 'None', 'quiet': 'False', 'empty': 'None', 'log_format': 'default', 'invocation_command': 'dbt init my_prj', 'static_parser': 'True', 'introspect': 'True', 'target_path': 'None', 'warn_error_options': 'WarnErrorOptions(include=[], exclude=[])', 'send_anonymous_usage_stats': 'True'}
[0m13:27:17.421001 [warn ] [MainThread]: [ConfigFolderDirectory]: Unable to parse logging event dictionary. Failed to parse dir field: expected string or bytes-like object, got 'PosixPath'.. Dictionary: {'dir': PosixPath('/root/.dbt')}
[0m13:27:17.421480 [info ] [MainThread]: Creating dbt configuration folder at 
[0m13:27:17.423060 [debug] [MainThread]: Starter project path: /usr/local/lib/python3.12/site-packages/dbt/include/starter_project
[0m13:27:17.429949 [info ] [MainThread]: 
Your new dbt project "my_prj" was created!

For more information on how to configure the profiles.yml file,
please consult the dbt documentation here:

  https://docs.getdbt.com/docs/configure-your-profile

One more thing:

Need help? Don't hesitate to reach out to us via GitHub issues or on Slack:

  https://community.getdbt.com/

Happy modeling!

[0m13:27:17.430330 [info ] [MainThread]: Setting up your profile.
[0m13:27:50.236750 [info ] [MainThread]: Profile my_prj written to /root/.dbt/profiles.yml using target's profile_template.yml and your supplied values. Run 'dbt debug' to validate the connection.
[0m13:27:50.264388 [debug] [MainThread]: Resource report: {"command_name": "init", "command_success": true, "command_wall_clock_time": 32.825768, "process_in_blocks": "92880", "process_kernel_time": 0.200703, "process_mem_max_rss": "92180", "process_out_blocks": "1544", "process_user_time": 1.041963}
[0m13:27:50.264914 [debug] [MainThread]: Command `dbt init` succeeded at 13:27:50.264815 after 32.83 seconds
[0m13:27:50.265247 [debug] [MainThread]: Sending event: {'category': 'dbt', 'action': 'invocation', 'label': 'end', 'context': [<snowplow_tracker.self_describing_json.SelfDescribingJson object at 0x79a22f79bc80>, <snowplow_tracker.self_describing_json.SelfDescribingJson object at 0x79a22f64e870>, <snowplow_tracker.self_describing_json.SelfDescribingJson object at 0x79a22f85bb90>]}
[0m13:27:50.265539 [debug] [MainThread]: Flushing usage events
[0m13:27:51.077359 [debug] [MainThread]: An error was encountered while trying to flush usage events
